--------------------------
-------PROGRAM INIT-------
--------------------------
[05.07.2019 01:33:47.863]:Parsing ini file failed or ini file was not found! Press any key to exit!
--------------------------
-------PROGRAM INIT-------
--------------------------
[05.07.2019 01:34:11.377]:Source file with RSS feed is: s:\skola\SMS_server\SMS_server\bin\Release\rss.xml!
[05.07.2019 01:34:11.388]:Source file with phone numbers is: s:\skola\SMS_server\SMS_server\bin\Release\cisla.num!
[05.07.2019 01:34:11.391]:Configuration file loaded and parsed sucesfully!
[05.07.2019 01:34:11.395]:Loading cache file!
[05.07.2019 01:34:11.539]:Cache file loaded sucesfully!
[05.07.2019 01:34:11.541]:Cheching for cache file consistency!
[05.07.2019 01:34:11.564]:Cheching for cache file consistency failed! Creating new empty cache file!
[05.07.2019 01:34:11.603]:Cache file structure created succesfully!
[05.07.2019 01:34:12.173]:On COM1 is not AT server, because no response was received in time limit!
[05.07.2019 01:34:12.190]:CNCA0 can´t be opened!
[05.07.2019 01:34:12.196]:CNCB0 can´t be opened!
[05.07.2019 01:34:12.720]:On COM22 is not AT server, because response was "AT"!
[05.07.2019 01:34:13.223]:On COM21 is not AT server, because response was "AT"!
[05.07.2019 01:34:13.858]:AT server is on COM31!
[05.07.2019 01:34:14.494]:AT server lives on COM31!
[05.07.2019 01:34:15.482]:AT server lives on COM31!
[05.07.2019 01:34:16.469]:AT server lives on COM31!
[05.07.2019 01:34:17.456]:AT server lives on COM31!
[05.07.2019 01:34:18.443]:AT server lives on COM31!
[05.07.2019 01:34:19.431]:AT server lives on COM31!
[05.07.2019 01:34:20.418]:AT server lives on COM31!
[05.07.2019 01:34:21.406]:AT server lives on COM31!
[05.07.2019 01:34:22.393]:AT server lives on COM31!
[05.07.2019 01:34:23.381]:AT server lives on COM31!
[05.07.2019 01:34:24.368]:AT server lives on COM31!
[05.07.2019 01:34:25.355]:AT server lives on COM31!
[05.07.2019 01:34:26.343]:AT server lives on COM31!
[05.07.2019 01:34:27.330]:AT server lives on COM31!
[05.07.2019 01:34:28.318]:AT server lives on COM31!
[05.07.2019 01:34:29.308]:AT server lives on COM31!
[05.07.2019 01:34:30.311]:AT server lives on COM31!
[05.07.2019 01:34:31.314]:AT server lives on COM31!
[05.07.2019 01:34:32.302]:AT server lives on COM31!
[05.07.2019 01:34:33.304]:AT server lives on COM31!
[05.07.2019 01:34:34.292]:AT server lives on COM31!
[05.07.2019 01:34:35.279]:AT server lives on COM31!
[05.07.2019 01:34:36.266]:AT server lives on COM31!
[05.07.2019 01:34:37.254]:AT server lives on COM31!
[05.07.2019 01:34:38.240]:AT server lives on COM31!
[05.07.2019 01:34:39.229]:AT server lives on COM31!
[05.07.2019 01:34:40.216]:AT server lives on COM31!
[05.07.2019 01:34:41.204]:AT server lives on COM31!
[05.07.2019 01:34:42.191]:AT server lives on COM31!
[05.07.2019 01:34:43.178]:AT server lives on COM31!
[05.07.2019 01:34:44.165]:AT server lives on COM31!
[05.07.2019 01:34:45.153]:AT server lives on COM31!
[05.07.2019 01:34:46.142]:AT server lives on COM31!
[05.07.2019 01:34:47.129]:AT server lives on COM31!
[05.07.2019 01:34:48.132]:AT server lives on COM31!
[05.07.2019 01:34:49.119]:AT server lives on COM31!
[05.07.2019 01:34:50.107]:AT server lives on COM31!
[05.07.2019 01:34:51.095]:AT server lives on COM31!
[05.07.2019 01:34:52.083]:AT server lives on COM31!
[05.07.2019 01:34:53.071]:AT server lives on COM31!
[05.07.2019 01:34:54.059]:AT server lives on COM31!
[05.07.2019 01:34:55.046]:AT server lives on COM31!
[05.07.2019 01:34:56.034]:AT server lives on COM31!
[05.07.2019 01:34:57.022]:AT server lives on COM31!
[05.07.2019 01:34:58.010]:AT server lives on COM31!
[05.07.2019 01:34:58.997]:AT server lives on COM31!
[05.07.2019 01:34:59.984]:AT server lives on COM31!
[05.07.2019 01:35:00.988]:AT server lives on COM31!
[05.07.2019 01:35:01.975]:AT server lives on COM31!
[05.07.2019 01:35:02.963]:AT server lives on COM31!
[05.07.2019 01:35:03.950]:AT server lives on COM31!
[05.07.2019 01:35:04.938]:AT server lives on COM31!
--------------------------
-------PROGRAM INIT-------
--------------------------
[05.07.2019 01:35:08.399]:Source file with RSS feed is: s:\skola\SMS_server\SMS_server\bin\Release\rss.xml!
[05.07.2019 01:35:08.405]:Source file with phone numbers is: s:\skola\SMS_server\SMS_server\bin\Release\cisla.num!
[05.07.2019 01:35:08.408]:Configuration file loaded and parsed sucesfully!
[05.07.2019 01:35:08.412]:Loading cache file!
[05.07.2019 01:35:08.597]:Cache file loaded sucesfully!
[05.07.2019 01:35:08.600]:Cheching for cache file consistency!
[05.07.2019 01:35:08.639]:Cheching for cache file consistency succeed!
[05.07.2019 01:35:09.175]:On COM1 is not AT server, because no response was received in time limit!
[05.07.2019 01:35:09.408]:CNCA0 can´t be opened!
[05.07.2019 01:35:09.429]:CNCB0 can´t be opened!
[05.07.2019 01:35:09.937]:On COM22 is not AT server, because response was "AT"!
[05.07.2019 01:35:10.466]:On COM21 is not AT server, because response was "AT"!
[05.07.2019 01:35:11.115]:AT server is on COM31!
[05.07.2019 01:35:11.751]:AT server lives on COM31!
[05.07.2019 01:35:12.739]:AT server lives on COM31!
[05.07.2019 01:35:13.727]:AT server lives on COM31!
[05.07.2019 01:35:14.715]:AT server lives on COM31!
--------------------------
-------PROGRAM INIT-------
--------------------------
[05.07.2019 01:35:52.760]:Source file with RSS feed is: s:\skola\SMS_server\SMS_server\bin\Release\rss.xml!
[05.07.2019 01:35:52.769]:Source file with phone numbers is: s:\skola\SMS_server\SMS_server\bin\Release\cisla.num!
[05.07.2019 01:35:52.772]:Configuration file loaded and parsed sucesfully!
[05.07.2019 01:35:52.774]:Loading cache file!
[05.07.2019 01:35:52.908]:Cache file loaded sucesfully!
[05.07.2019 01:35:52.911]:Cheching for cache file consistency!
[05.07.2019 01:35:52.939]:Cheching for cache file consistency succeed!
[05.07.2019 01:35:53.452]:On COM1 is not AT server, because no response was received in time limit!
[05.07.2019 01:35:53.471]:CNCA0 can´t be opened!
[05.07.2019 01:35:53.476]:CNCB0 can´t be opened!
[05.07.2019 01:35:53.981]:On COM22 is not AT server, because response was "AT"!
[05.07.2019 01:35:54.509]:On COM21 is not AT server, because response was "AT"!
[05.07.2019 01:35:55.148]:AT server is on COM31!
[05.07.2019 01:35:55.784]:AT server lives on COM31!
[05.07.2019 01:35:56.771]:AT server lives on COM31!
[05.07.2019 01:35:57.758]:AT server lives on COM31!
[05.07.2019 01:35:58.761]:AT server lives on COM31!
[05.07.2019 01:35:59.749]:AT server lives on COM31!
[05.07.2019 01:36:00.753]:AT server lives on COM31!
[05.07.2019 01:36:01.740]:AT server lives on COM31!
[05.07.2019 01:36:02.728]:AT server lives on COM31!
[05.07.2019 01:36:03.715]:AT server lives on COM31!
[05.07.2019 01:36:04.702]:AT server lives on COM31!
[05.07.2019 01:36:05.705]:AT server lives on COM31!
[05.07.2019 01:36:06.692]:AT server lives on COM31!
[05.07.2019 01:36:07.679]:AT server lives on COM31!
[05.07.2019 01:36:08.684]:AT server lives on COM31!
[05.07.2019 01:36:09.671]:AT server lives on COM31!
[05.07.2019 01:36:09.673]:First start of aplication! Control checksum does not exist! Parsing RSS feed...
[05.07.2019 01:36:09.677]:Loading XML!
[05.07.2019 01:36:09.680]:XML loaded succesfully!
[05.07.2019 01:36:09.681]:Reading XML content...
[05.07.2019 01:36:09.730]:Article 987 does not have record! Adding to SMS job as new article!
[05.07.2019 01:36:09.733]:Setting new values for article 987! Checksum: "77-A2-BF-5C-CB-D5-81-A7-69-01-CA-54-23-6E-8D-50".
[05.07.2019 01:36:09.767]:Article 985 does not have record! Adding to SMS job as new article!
[05.07.2019 01:36:09.769]:Setting new values for article 985! Checksum: "D4-7B-31-F9-30-83-51-23-32-CE-8A-DB-49-15-7A-A6".
[05.07.2019 01:36:09.789]:Article 980 does not have record! Adding to SMS job as new article!
[05.07.2019 01:36:09.791]:Setting new values for article 980! Checksum: "59-ED-02-D5-87-5E-68-E9-37-46-D1-0B-35-4F-90-EF".
[05.07.2019 01:36:09.812]:Article 977 does not have record! Adding to SMS job as new article!
[05.07.2019 01:36:09.814]:Setting new values for article 977! Checksum: "7E-7A-1C-13-A8-84-54-38-02-AC-B4-F8-53-A9-0B-0F".
[05.07.2019 01:36:09.827]:Article 988 does not have record! Adding to SMS job as new article!
[05.07.2019 01:36:09.829]:Setting new values for article 988! Checksum: "57-95-DA-F9-7C-85-63-D6-EB-FE-F6-A7-55-11-3D-B2".
[05.07.2019 01:36:09.841]:Article 986 does not have record! Adding to SMS job as new article!
[05.07.2019 01:36:09.842]:Setting new values for article 986! Checksum: "35-5F-A8-FC-C7-A0-C7-08-E1-49-83-43-22-9F-8E-1A".
[05.07.2019 01:36:09.864]:Article 983 does not have record! Adding to SMS job as new article!
[05.07.2019 01:36:09.866]:Setting new values for article 983! Checksum: "57-38-25-D7-0E-E4-B5-85-4F-00-5C-E4-80-21-92-3D".
[05.07.2019 01:36:09.885]:Article 982 does not have record! Adding to SMS job as new article!
[05.07.2019 01:36:09.887]:Setting new values for article 982! Checksum: "B8-FB-C5-58-BF-5D-23-54-4F-A4-C8-22-3B-FD-CC-5A".
[05.07.2019 01:36:09.910]:Article 981 does not have record! Adding to SMS job as new article!
[05.07.2019 01:36:09.912]:Setting new values for article 981! Checksum: "95-FE-E3-93-B2-65-08-A1-CA-A8-26-65-48-DE-63-56".
[05.07.2019 01:36:09.925]:Article 979 does not have record! Adding to SMS job as new article!
[05.07.2019 01:36:09.926]:Setting new values for article 979! Checksum: "D3-AF-30-10-11-92-77-A3-C2-D6-B1-1D-FB-1B-1B-16".
[05.07.2019 01:36:09.947]:From least update 10 articles was added or changed!
[05.07.2019 01:36:09.952]:List of phone numbers exists! Parsing...
[05.07.2019 01:36:09.954]:List of phone numbers contains 1 phone numbers!
[05.07.2019 01:36:09.985]:STARTING SMS SENDING JOB!
[05.07.2019 01:36:09.988]:Setting message format!
[05.07.2019 01:36:10.000]:Message format succesfully set!
[05.07.2019 01:36:10.016]:Encoding succesfully set!
[05.07.2019 01:36:10.018]:STARTING JOB FOR NUMBER 00420725245545!
[05.07.2019 01:36:10.019]:Setting recipient number to 00420725245545!
[05.07.2019 01:36:10.023]:Request sent! Waiting for confirming 0x3E char!
[05.07.2019 01:36:10.032]:Setting recipient number succesfull!
[05.07.2019 01:36:10.034]:Sending message body!
[05.07.2019 01:36:10.128]:Sending message body succesfull! Waiting for SMS to send!
--------------------------
-------PROGRAM INIT-------
--------------------------
[05.07.2019 01:37:24.020]:Source file with RSS feed is: s:\skola\SMS_server\SMS_server\bin\Release\rss.xml!
[05.07.2019 01:37:24.032]:Source file with phone numbers is: s:\skola\SMS_server\SMS_server\bin\Release\cisla.num!
[05.07.2019 01:37:24.034]:Configuration file loaded and parsed sucesfully!
[05.07.2019 01:37:24.038]:Loading cache file!
[05.07.2019 01:37:24.172]:Cache file loaded sucesfully!
[05.07.2019 01:37:24.174]:Cheching for cache file consistency!
[05.07.2019 01:37:24.211]:Cheching for cache file consistency succeed!
[05.07.2019 01:37:24.724]:On COM1 is not AT server, because no response was received in time limit!
[05.07.2019 01:37:24.777]:CNCA0 can´t be opened!
[05.07.2019 01:37:24.787]:CNCB0 can´t be opened!
[05.07.2019 01:37:25.297]:On COM22 is not AT server, because response was "AT"!
[05.07.2019 01:37:25.826]:On COM21 is not AT server, because response was "AT"!
[05.07.2019 01:37:26.472]:AT server is on COM31!
[05.07.2019 01:37:27.109]:AT server lives on COM31!
[05.07.2019 01:37:28.112]:AT server lives on COM31!
[05.07.2019 01:37:29.100]:AT server lives on COM31!
[05.07.2019 01:37:30.089]:AT server lives on COM31!
[05.07.2019 01:37:31.075]:AT server lives on COM31!
[05.07.2019 01:37:32.062]:AT server lives on COM31!
[05.07.2019 01:37:33.050]:AT server lives on COM31!
[05.07.2019 01:37:33.052]:First start of aplication! Control checksum does not exist! Parsing RSS feed...
[05.07.2019 01:37:33.055]:Loading XML!
[05.07.2019 01:37:33.058]:XML loaded succesfully!
[05.07.2019 01:37:33.061]:Reading XML content...
[05.07.2019 01:37:33.132]:There already is record for article 987 and checksum is same as in RSS feed!
[05.07.2019 01:37:33.135]:There already is record for article 985 and checksum is same as in RSS feed!
[05.07.2019 01:37:33.142]:There already is record for article 980 and checksum is same as in RSS feed!
[05.07.2019 01:37:33.146]:There already is record for article 977 and checksum is same as in RSS feed!
[05.07.2019 01:37:33.149]:There already is record for article 988 and checksum is same as in RSS feed!
[05.07.2019 01:37:33.152]:There already is record for article 986 and checksum is same as in RSS feed!
[05.07.2019 01:37:33.157]:There already is record for article 983 and checksum is same as in RSS feed!
[05.07.2019 01:37:33.165]:There already is record for article 982 and checksum is same as in RSS feed!
[05.07.2019 01:37:33.169]:There already is record for article 981 and checksum is same as in RSS feed!
[05.07.2019 01:37:33.172]:There already is record for article 979 and checksum is same as in RSS feed!
[05.07.2019 01:37:33.173]:From least update 0 articles was added or changed!
[05.07.2019 01:37:34.180]:AT server lives on COM31!
[05.07.2019 01:37:35.168]:AT server lives on COM31!
[05.07.2019 01:37:36.155]:AT server lives on COM31!
[05.07.2019 01:37:37.142]:AT server lives on COM31!
[05.07.2019 01:37:38.129]:AT server lives on COM31!
[05.07.2019 01:37:39.116]:AT server lives on COM31!
[05.07.2019 01:37:40.121]:AT server lives on COM31!
[05.07.2019 01:37:41.124]:AT server lives on COM31!
[05.07.2019 01:37:42.111]:AT server lives on COM31!
[05.07.2019 01:37:43.098]:AT server lives on COM31!
[05.07.2019 01:37:44.086]:AT server lives on COM31!
[05.07.2019 01:37:45.073]:AT server lives on COM31!
[05.07.2019 01:37:46.060]:AT server lives on COM31!
[05.07.2019 01:37:47.048]:AT server lives on COM31!
[05.07.2019 01:37:48.051]:AT server lives on COM31!
[05.07.2019 01:37:49.038]:AT server lives on COM31!
[05.07.2019 01:37:50.041]:AT server lives on COM31!
[05.07.2019 01:37:51.029]:AT server lives on COM31!
[05.07.2019 01:37:52.016]:AT server lives on COM31!
[05.07.2019 01:37:53.004]:AT server lives on COM31!
[05.07.2019 01:37:54.008]:AT server lives on COM31!
[05.07.2019 01:37:54.995]:AT server lives on COM31!
[05.07.2019 01:37:55.982]:AT server lives on COM31!
[05.07.2019 01:37:56.987]:AT server lives on COM31!
[05.07.2019 01:37:57.974]:AT server lives on COM31!
[05.07.2019 01:37:58.963]:AT server lives on COM31!
[05.07.2019 01:37:59.950]:AT server lives on COM31!
[05.07.2019 01:38:00.938]:AT server lives on COM31!
[05.07.2019 01:38:01.925]:AT server lives on COM31!
[05.07.2019 01:38:02.913]:AT server lives on COM31!
[05.07.2019 01:38:03.932]:AT server lives on COM31!
[05.07.2019 01:38:04.935]:AT server lives on COM31!
[05.07.2019 01:38:05.923]:AT server lives on COM31!
[05.07.2019 01:38:06.910]:AT server lives on COM31!
[05.07.2019 01:38:07.897]:AT server lives on COM31!
[05.07.2019 01:38:08.885]:AT server lives on COM31!
[05.07.2019 01:38:09.873]:AT server lives on COM31!
[05.07.2019 01:38:10.861]:AT server lives on COM31!
[05.07.2019 01:38:11.848]:AT server lives on COM31!
[05.07.2019 01:38:12.836]:AT server lives on COM31!
[05.07.2019 01:38:13.823]:AT server lives on COM31!
[05.07.2019 01:38:14.810]:AT server lives on COM31!
[05.07.2019 01:38:15.799]:AT server lives on COM31!
[05.07.2019 01:38:16.787]:AT server lives on COM31!
[05.07.2019 01:38:17.774]:AT server lives on COM31!
[05.07.2019 01:38:18.761]:AT server lives on COM31!
[05.07.2019 01:38:19.748]:AT server lives on COM31!
[05.07.2019 01:38:20.735]:AT server lives on COM31!
[05.07.2019 01:38:21.738]:AT server lives on COM31!
[05.07.2019 01:38:22.726]:AT server lives on COM31!
[05.07.2019 01:38:23.713]:AT server lives on COM31!
[05.07.2019 01:38:24.700]:AT server lives on COM31!
[05.07.2019 01:38:25.689]:AT server lives on COM31!
[05.07.2019 01:38:26.675]:AT server lives on COM31!
[05.07.2019 01:38:27.662]:AT server lives on COM31!
[05.07.2019 01:38:27.664]:First start of aplication! Control checksum does not exist! Parsing RSS feed...
[05.07.2019 01:38:27.666]:Loading XML!
[05.07.2019 01:38:27.668]:XML loaded succesfully!
[05.07.2019 01:38:27.670]:Reading XML content...
[05.07.2019 01:38:27.672]:Article 987 does not have record! Adding to SMS job as new article!
[05.07.2019 01:38:27.674]:Setting new values for article 987! Checksum: "77-A2-BF-5C-CB-D5-81-A7-69-01-CA-54-23-6E-8D-50".
[05.07.2019 01:38:27.695]:Article 985 does not have record! Adding to SMS job as new article!
[05.07.2019 01:38:27.697]:Setting new values for article 985! Checksum: "D4-7B-31-F9-30-83-51-23-32-CE-8A-DB-49-15-7A-A6".
[05.07.2019 01:38:27.717]:Article 980 does not have record! Adding to SMS job as new article!
[05.07.2019 01:38:27.719]:Setting new values for article 980! Checksum: "59-ED-02-D5-87-5E-68-E9-37-46-D1-0B-35-4F-90-EF".
[05.07.2019 01:38:27.739]:Article 977 does not have record! Adding to SMS job as new article!
[05.07.2019 01:38:27.741]:Setting new values for article 977! Checksum: "7E-7A-1C-13-A8-84-54-38-02-AC-B4-F8-53-A9-0B-0F".
[05.07.2019 01:38:27.771]:Article 988 does not have record! Adding to SMS job as new article!
[05.07.2019 01:38:27.773]:Setting new values for article 988! Checksum: "57-95-DA-F9-7C-85-63-D6-EB-FE-F6-A7-55-11-3D-B2".
[05.07.2019 01:38:27.791]:Article 986 does not have record! Adding to SMS job as new article!
[05.07.2019 01:38:27.793]:Setting new values for article 986! Checksum: "35-5F-A8-FC-C7-A0-C7-08-E1-49-83-43-22-9F-8E-1A".
[05.07.2019 01:38:27.822]:Article 983 does not have record! Adding to SMS job as new article!
[05.07.2019 01:38:27.823]:Setting new values for article 983! Checksum: "57-38-25-D7-0E-E4-B5-85-4F-00-5C-E4-80-21-92-3D".
[05.07.2019 01:38:27.838]:Article 982 does not have record! Adding to SMS job as new article!
[05.07.2019 01:38:27.841]:Setting new values for article 982! Checksum: "B8-FB-C5-58-BF-5D-23-54-4F-A4-C8-22-3B-FD-CC-5A".
[05.07.2019 01:38:27.869]:Article 981 does not have record! Adding to SMS job as new article!
[05.07.2019 01:38:27.871]:Setting new values for article 981! Checksum: "95-FE-E3-93-B2-65-08-A1-CA-A8-26-65-48-DE-63-56".
[05.07.2019 01:38:27.884]:Article 979 does not have record! Adding to SMS job as new article!
[05.07.2019 01:38:27.886]:Setting new values for article 979! Checksum: "D3-AF-30-10-11-92-77-A3-C2-D6-B1-1D-FB-1B-1B-16".
[05.07.2019 01:38:27.897]:From least update 10 articles was added or changed!
[05.07.2019 01:38:27.902]:List of phone numbers exists! Parsing...
[05.07.2019 01:38:27.905]:List of phone numbers contains 2 phone numbers!
[05.07.2019 01:38:27.932]:STARTING SMS SENDING JOB!
[05.07.2019 01:38:27.935]:Setting message format!
[05.07.2019 01:38:27.944]:Message format succesfully set!
[05.07.2019 01:38:27.960]:Encoding succesfully set!
[05.07.2019 01:38:27.961]:STARTING JOB FOR NUMBER 00420604840508!
[05.07.2019 01:38:27.963]:Setting recipient number to 00420604840508!
[05.07.2019 01:38:27.966]:Request sent! Waiting for confirming 0x3E char!
[05.07.2019 01:38:27.976]:Setting recipient number succesfull!
[05.07.2019 01:38:27.978]:Sending message body!
[05.07.2019 01:38:28.071]:Sending message body succesfull! Waiting for SMS to send!
[05.07.2019 01:38:40.931]:SMS to number 00420604840508 succesfully sent!
[05.07.2019 01:38:40.933]:Setting recipient number to 00420604840508!
[05.07.2019 01:38:40.935]:Request sent! Waiting for confirming 0x3E char!
[05.07.2019 01:38:40.942]:Setting recipient number succesfull!
[05.07.2019 01:38:40.943]:Sending message body!
[05.07.2019 01:38:40.998]:Sending message body succesfull! Waiting for SMS to send!
[05.07.2019 01:38:47.518]:SMS to number 00420604840508 succesfully sent!
[05.07.2019 01:38:47.520]:Setting recipient number to 00420604840508!
[05.07.2019 01:38:47.522]:Request sent! Waiting for confirming 0x3E char!
[05.07.2019 01:38:47.529]:Setting recipient number succesfull!
[05.07.2019 01:38:47.534]:Sending message body!
[05.07.2019 01:38:47.697]:Sending message body succesfull! Waiting for SMS to send!
[05.07.2019 01:39:08.235]:SMS to number 00420604840508 succesfully sent!
[05.07.2019 01:39:08.237]:Setting recipient number to 00420604840508!
[05.07.2019 01:39:08.239]:Request sent! Waiting for confirming 0x3E char!
[05.07.2019 01:39:08.261]:Setting recipient number succesfull!
[05.07.2019 01:39:08.264]:Sending message body!
[05.07.2019 01:39:08.306]:Sending message body succesfull! Waiting for SMS to send!
[05.07.2019 01:39:12.008]:SMS to number 00420604840508 succesfully sent!
[05.07.2019 01:39:12.010]:Setting recipient number to 00420604840508!
[05.07.2019 01:39:12.012]:Request sent! Waiting for confirming 0x3E char!
[05.07.2019 01:39:12.033]:Setting recipient number succesfull!
[05.07.2019 01:39:12.035]:Sending message body!
[05.07.2019 01:39:12.129]:Sending message body succesfull! Waiting for SMS to send!
[05.07.2019 01:39:21.881]:SMS to number 00420604840508 succesfully sent!
[05.07.2019 01:39:21.883]:Setting recipient number to 00420604840508!
[05.07.2019 01:39:21.885]:Request sent! Waiting for confirming 0x3E char!
[05.07.2019 01:39:21.892]:Setting recipient number succesfull!
[05.07.2019 01:39:21.894]:Sending message body!
[05.07.2019 01:39:21.977]:Sending message body succesfull! Waiting for SMS to send!
[05.07.2019 01:39:31.779]:SMS to number 00420604840508 succesfully sent!
[05.07.2019 01:39:31.782]:Setting recipient number to 00420604840508!
[05.07.2019 01:39:31.784]:Request sent! Waiting for confirming 0x3E char!
[05.07.2019 01:39:31.805]:Setting recipient number succesfull!
[05.07.2019 01:39:31.807]:Sending message body!
[05.07.2019 01:39:31.848]:Sending message body succesfull! Waiting for SMS to send!
[05.07.2019 01:39:35.534]:SMS to number 00420604840508 succesfully sent!
[05.07.2019 01:39:35.536]:Setting recipient number to 00420604840508!
[05.07.2019 01:39:35.538]:Request sent! Waiting for confirming 0x3E char!
[05.07.2019 01:39:35.560]:Setting recipient number succesfull!
[05.07.2019 01:39:35.562]:Sending message body!
[05.07.2019 01:39:35.605]:Sending message body succesfull! Waiting for SMS to send!
[05.07.2019 01:39:39.307]:SMS to number 00420604840508 succesfully sent!
[05.07.2019 01:39:39.309]:Setting recipient number to 00420604840508!
[05.07.2019 01:39:39.312]:Request sent! Waiting for confirming 0x3E char!
[05.07.2019 01:39:39.332]:Setting recipient number succesfull!
[05.07.2019 01:39:39.334]:Sending message body!
[05.07.2019 01:39:39.379]:Sending message body succesfull! Waiting for SMS to send!
[05.07.2019 01:39:45.422]:SMS to number 00420604840508 succesfully sent!
[05.07.2019 01:39:45.424]:Setting recipient number to 00420604840508!
[05.07.2019 01:39:45.426]:Request sent! Waiting for confirming 0x3E char!
[05.07.2019 01:39:45.433]:Setting recipient number succesfull!
[05.07.2019 01:39:45.435]:Sending message body!
[05.07.2019 01:39:45.496]:Sending message body succesfull! Waiting for SMS to send!
[05.07.2019 01:39:52.018]:SMS to number 00420604840508 succesfully sent!
[05.07.2019 01:39:52.020]:JOB FOR NUMBER 00420604840508 COMPLETED!
[05.07.2019 01:39:52.022]:STARTING JOB FOR NUMBER 00420725942886!
[05.07.2019 01:39:52.024]:Setting recipient number to 00420725942886!
[05.07.2019 01:39:52.027]:Request sent! Waiting for confirming 0x3E char!
[05.07.2019 01:39:52.042]:Setting recipient number succesfull!
[05.07.2019 01:39:52.044]:Sending message body!
[05.07.2019 01:39:52.137]:Sending message body succesfull! Waiting for SMS to send!
[05.07.2019 01:40:02.847]:SMS to number 00420725942886 succesfully sent!
[05.07.2019 01:40:02.849]:Setting recipient number to 00420725942886!
[05.07.2019 01:40:02.851]:Request sent! Waiting for confirming 0x3E char!
[05.07.2019 01:40:02.858]:Setting recipient number succesfull!
[05.07.2019 01:40:02.860]:Sending message body!
[05.07.2019 01:40:02.915]:Sending message body succesfull! Waiting for SMS to send!
[05.07.2019 01:40:09.675]:SMS to number 00420725942886 succesfully sent!
[05.07.2019 01:40:09.678]:Setting recipient number to 00420725942886!
[05.07.2019 01:40:09.682]:Request sent! Waiting for confirming 0x3E char!
[05.07.2019 01:40:09.701]:Setting recipient number succesfull!
[05.07.2019 01:40:09.703]:Sending message body!
[05.07.2019 01:40:09.864]:Sending message body succesfull! Waiting for SMS to send!
[05.07.2019 01:40:30.385]:SMS to number 00420725942886 succesfully sent!
[05.07.2019 01:40:30.387]:Setting recipient number to 00420725942886!
[05.07.2019 01:40:30.389]:Request sent! Waiting for confirming 0x3E char!
[05.07.2019 01:40:30.411]:Setting recipient number succesfull!
[05.07.2019 01:40:30.413]:Sending message body!
[05.07.2019 01:40:30.456]:Sending message body succesfull! Waiting for SMS to send!
[05.07.2019 01:40:34.380]:SMS to number 00420725942886 succesfully sent!
[05.07.2019 01:40:34.382]:Setting recipient number to 00420725942886!
[05.07.2019 01:40:34.384]:Request sent! Waiting for confirming 0x3E char!
[05.07.2019 01:40:34.392]:Setting recipient number succesfull!
[05.07.2019 01:40:34.393]:Sending message body!
[05.07.2019 01:40:34.486]:Sending message body succesfull! Waiting for SMS to send!
[05.07.2019 01:40:44.734]:SMS to number 00420725942886 succesfully sent!
[05.07.2019 01:40:44.736]:Setting recipient number to 00420725942886!
[05.07.2019 01:40:44.738]:Request sent! Waiting for confirming 0x3E char!
[05.07.2019 01:40:44.759]:Setting recipient number succesfull!
[05.07.2019 01:40:44.761]:Sending message body!
[05.07.2019 01:40:44.844]:Sending message body succesfull! Waiting for SMS to send!
[05.07.2019 01:40:54.630]:SMS to number 00420725942886 succesfully sent!
[05.07.2019 01:40:54.632]:Setting recipient number to 00420725942886!
[05.07.2019 01:40:54.634]:Request sent! Waiting for confirming 0x3E char!
[05.07.2019 01:40:54.656]:Setting recipient number succesfull!
[05.07.2019 01:40:54.658]:Sending message body!
[05.07.2019 01:40:54.699]:Sending message body succesfull! Waiting for SMS to send!
[05.07.2019 01:40:58.401]:SMS to number 00420725942886 succesfully sent!
[05.07.2019 01:40:58.403]:Setting recipient number to 00420725942886!
[05.07.2019 01:40:58.405]:Request sent! Waiting for confirming 0x3E char!
[05.07.2019 01:40:58.426]:Setting recipient number succesfull!
[05.07.2019 01:40:58.428]:Sending message body!
[05.07.2019 01:40:58.471]:Sending message body succesfull! Waiting for SMS to send!
[05.07.2019 01:41:02.396]:SMS to number 00420725942886 succesfully sent!
[05.07.2019 01:41:02.398]:Setting recipient number to 00420725942886!
[05.07.2019 01:41:02.400]:Request sent! Waiting for confirming 0x3E char!
[05.07.2019 01:41:02.421]:Setting recipient number succesfull!
[05.07.2019 01:41:02.423]:Sending message body!
[05.07.2019 01:41:02.468]:Sending message body succesfull! Waiting for SMS to send!
[05.07.2019 01:41:08.287]:SMS to number 00420725942886 succesfully sent!
[05.07.2019 01:41:08.289]:Setting recipient number to 00420725942886!
[05.07.2019 01:41:08.291]:Request sent! Waiting for confirming 0x3E char!
[05.07.2019 01:41:08.313]:Setting recipient number succesfull!
[05.07.2019 01:41:08.315]:Sending message body!
[05.07.2019 01:41:08.377]:Sending message body succesfull! Waiting for SMS to send!
[05.07.2019 01:41:14.866]:SMS to number 00420725942886 succesfully sent!
[05.07.2019 01:41:14.868]:JOB FOR NUMBER 00420725942886 COMPLETED!
[05.07.2019 01:41:14.977]:SMS SENDING JOB FINISHED!
[05.07.2019 01:41:15.964]:AT server lives on COM31!
[05.07.2019 01:41:16.952]:AT server lives on COM31!
[05.07.2019 01:41:17.939]:AT server lives on COM31!
[05.07.2019 01:41:18.926]:AT server lives on COM31!
[05.07.2019 01:41:19.914]:AT server lives on COM31!
[05.07.2019 01:41:20.901]:AT server lives on COM31!
[05.07.2019 01:41:21.889]:AT server lives on COM31!
[05.07.2019 01:41:22.877]:AT server lives on COM31!
[05.07.2019 01:41:23.882]:AT server lives on COM31!
[05.07.2019 01:41:24.868]:AT server lives on COM31!
